#-----------------------------------------------------------
# xsim v2024.1 (64-bit)
# SW Build 5076996 on Wed May 22 18:37:14 MDT 2024
# IP Build 5075265 on Wed May 22 21:45:21 MDT 2024
# SharedData Build 5076995 on Wed May 22 18:29:18 MDT 2024
# Start of session at: Wed Mar 18 18:35:38 2026
# Process ID: 12980
# Current directory: D:/_study/projects/vivado_projects/loongarch_cpu/loongarch_cpu.sim/sim_1/behav/xsim
# Command line: xsim.exe -log tb_pc_reg_sim.log -mode tcl -source {xsim.dir/tb_pc_reg_behav/xsim_script.tcl}
# Log file: D:/_study/projects/vivado_projects/loongarch_cpu/loongarch_cpu.sim/sim_1/behav/xsim/tb_pc_reg_sim.log
# Journal file: D:/_study/projects/vivado_projects/loongarch_cpu/loongarch_cpu.sim/sim_1/behav/xsim\xsim.jou
# Running On        :DESKTOP-0H8NVPO
# Platform          :Windows Server 2016 or Windows 10
# Operating System  :26200
# Processor Detail  :AMD Ryzen 7 6800H with Radeon Graphics         
# CPU Frequency     :3194 MHz
# CPU Physical cores:8
# CPU Logical cores :16
# Host memory       :16340 MB
# Swap memory       :6174 MB
# Total Virtual     :22514 MB
# Available Virtual :9265 MB
#-----------------------------------------------------------
source xsim.dir/tb_pc_reg_behav/xsim_script.tcl
# xsim {tb_pc_reg_behav} -autoloadwcfg -runall
Time resolution is 1 ps
run -all
[PASS]                    reset value : pc=0x1c000000
[PASS]                     pc+4 first : pc=0x1c000004
[PASS]                    pc+4 second : pc=0x1c000008
[PASS]                     pc+4 third : pc=0x1c00000c
[PASS]                   branch taken : pc=0x1c001000
[PASS]                after branch +4 : pc=0x1c001004
[PASS]                after branch +8 : pc=0x1c001008
[PASS]             jump back to start : pc=0x1c000000
[PASS]                     jump again : pc=0x1cfff000
[PASS]            reset during branch : pc=0x1c000000
[PASS]             normal after reset : pc=0x1c000004
============================
PASS: 11   FAIL: 0
ALL TESTS PASSED!
============================
$finish called at time : 116 ns : File "D:/_study/projects/vivado_projects/loongarch_cpu/loongarch_cpu.srcs/sim_1/new/tb_pc_reg.v" Line 108
exit
INFO: [Common 17-206] Exiting xsim at Wed Mar 18 18:35:40 2026...
