INFO: [VRFC 10-2263] Analyzing Verilog file "D:/_study/projects/vivado_projects/loongarch_cpu/loongarch_cpu.srcs/sources_1/new/alu.v" into library xil_defaultlib
INFO: [VRFC 10-311] analyzing module alu
INFO: [VRFC 10-2263] Analyzing Verilog file "D:/_study/projects/vivado_projects/loongarch_cpu/loongarch_cpu.srcs/sources_1/new/controller.v" into library xil_defaultlib
INFO: [VRFC 10-311] analyzing module controller
INFO: [VRFC 10-2263] Analyzing Verilog file "D:/_study/projects/vivado_projects/loongarch_cpu/loongarch_cpu.srcs/sources_1/new/data_ram.v" into library xil_defaultlib
INFO: [VRFC 10-311] analyzing module data_ram
INFO: [VRFC 10-2263] Analyzing Verilog file "D:/_study/projects/vivado_projects/loongarch_cpu/loongarch_cpu.srcs/sources_1/new/decoder.v" into library xil_defaultlib
INFO: [VRFC 10-311] analyzing module decoder
INFO: [VRFC 10-2263] Analyzing Verilog file "D:/_study/projects/vivado_projects/loongarch_cpu/loongarch_cpu.srcs/sources_1/new/inst_ram.v" into library xil_defaultlib
INFO: [VRFC 10-311] analyzing module inst_ram
INFO: [VRFC 10-2263] Analyzing Verilog file "D:/_study/projects/vivado_projects/loongarch_cpu/loongarch_cpu.srcs/sources_1/new/mycpu_top.v" into library xil_defaultlib
INFO: [VRFC 10-311] analyzing module mycpu_top
INFO: [VRFC 10-2263] Analyzing Verilog file "D:/_study/projects/vivado_projects/loongarch_cpu/loongarch_cpu.srcs/sources_1/new/pc_reg.v" into library xil_defaultlib
INFO: [VRFC 10-311] analyzing module pc_reg
INFO: [VRFC 10-2263] Analyzing Verilog file "D:/_study/projects/vivado_projects/loongarch_cpu/loongarch_cpu.srcs/sources_1/new/regfile.v" into library xil_defaultlib
INFO: [VRFC 10-311] analyzing module regfile
INFO: [VRFC 10-2263] Analyzing Verilog file "D:/_study/projects/vivado_projects/loongarch_cpu/loongarch_cpu.srcs/sim_1/new/tb_mycpu.v" into library xil_defaultlib
INFO: [VRFC 10-311] analyzing module tb_mycpu
INFO: [VRFC 10-2263] Analyzing Verilog file "D:/_study/projects/vivado_projects/loongarch_cpu/loongarch_cpu.sim/sim_1/behav/xsim/glbl.v" into library xil_defaultlib
INFO: [VRFC 10-311] analyzing module glbl
